#
# There is insufficient memory for the Java Runtime Environment to continue.
# Native memory allocation (malloc) failed to allocate 669872 bytes. Error detail: Chunk::new
# Possible reasons:
#   The system is out of physical RAM or swap space
#   This process is running with CompressedOops enabled, and the Java Heap may be blocking the growth of the native heap
# Possible solutions:
#   Reduce memory load on the system
#   Increase physical memory or swap space
#   Check if swap backing store is full
#   Decrease Java heap size (-Xmx/-Xms)
#   Decrease number of Java threads
#   Decrease Java thread stack sizes (-Xss)
#   Set larger code cache with -XX:ReservedCodeCacheSize=
#   JVM is running with Unscaled Compressed Oops mode in which the Java heap is
#     placed in the first 4GB address space. The Java Heap base address is the
#     maximum limit for the native heap growth. Please use -XX:HeapBaseMinAddress
#     to set the Java Heap base and to place the Java Heap above 4GB virtual address.
# This output file may be truncated or incomplete.
#
#  Out of Memory Error (arena.cpp:168), pid=3112, tid=12856
#
# JRE version: OpenJDK Runtime Environment Temurin-21.0.8+9 (21.0.8+9) (build 21.0.8+9-LTS)
# Java VM: OpenJDK 64-Bit Server VM Temurin-21.0.8+9 (21.0.8+9-LTS, mixed mode, sharing, tiered, compressed oops, compressed class ptrs, parallel gc, windows-amd64)
# No core dump will be written. Minidumps are not enabled by default on client versions of Windows
#

---------------  S U M M A R Y ------------

Command Line: --add-modules=ALL-SYSTEM --add-opens=java.base/java.util=ALL-UNNAMED --add-opens=java.base/java.lang=ALL-UNNAMED --add-opens=java.base/sun.nio.fs=ALL-UNNAMED -Declipse.application=org.eclipse.jdt.ls.core.id1 -Dosgi.bundles.defaultStartLevel=4 -Declipse.product=org.eclipse.jdt.ls.core.product -Djava.import.generatesMetadataFilesAtProjectRoot=false -DDetectVMInstallationsJob.disabled=true -Dfile.encoding=utf8 -XX:+UseParallelGC -XX:GCTimeRatio=4 -XX:AdaptiveSizePolicyWeight=90 -Dsun.zip.disableMemoryMapping=true -Xmx2G -Xms100m -Xlog:disable -javaagent:c:\Users\rajes\.vscode\extensions\redhat.java-1.47.0-win32-x64\lombok\lombok-1.18.39-4050.jar -XX:+HeapDumpOnOutOfMemoryError -XX:HeapDumpPath=c:\Users\rajes\AppData\Roaming\Code\User\workspaceStorage\712d67d42fca472db9b71d1cdcd993e6\redhat.java -Daether.dependencyCollector.impl=bf c:\Users\rajes\.vscode\extensions\redhat.java-1.47.0-win32-x64\server\plugins\org.eclipse.equinox.launcher_1.7.100.v20251014-1222.jar -configuration c:\Users\rajes\AppData\Roaming\Code\User\globalStorage\redhat.java\1.47.0\config_win -data c:\Users\rajes\AppData\Roaming\Code\User\workspaceStorage\712d67d42fca472db9b71d1cdcd993e6\redhat.java\jdt_ws --pipe=\\.\pipe\lsp-ea2f6b78585417885c20ca146994e244-sock

Host: 13th Gen Intel(R) Core(TM) i5-13450HX, 16 cores, 15G,  Windows 11 , 64 bit Build 26100 (10.0.26100.6725)
Time: Mon Nov 10 11:52:45 2025 India Standard Time elapsed time: 23.275471 seconds (0d 0h 0m 23s)

---------------  T H R E A D  ---------------

Current thread (0x000002882996baf0):  JavaThread "C2 CompilerThread0" daemon [_thread_in_native, id=12856, stack(0x000000f89e700000,0x000000f89e800000) (1024K)]


Current CompileTask:
C2:23275 2183 %     4       org.eclipse.osgi.util.ManifestElement::readLine @ 0 (122 bytes)

Stack: [0x000000f89e700000,0x000000f89e800000]
Native frames: (J=compiled Java code, j=interpreted, Vv=VM code, C=native code)
V  [jvm.dll+0x6d2449]
V  [jvm.dll+0x8ae341]
V  [jvm.dll+0x8b08be]
V  [jvm.dll+0x8b0fa3]
V  [jvm.dll+0x280c96]
V  [jvm.dll+0xc581d]
V  [jvm.dll+0xc5d53]
V  [jvm.dll+0x3b919c]
V  [jvm.dll+0x385315]
V  [jvm.dll+0x38477a]
V  [jvm.dll+0x248ed0]
V  [jvm.dll+0x2484af]
V  [jvm.dll+0x1c89ee]
V  [jvm.dll+0x257d4d]
V  [jvm.dll+0x2562ea]
V  [jvm.dll+0x3f2d16]
V  [jvm.dll+0x857e6b]
V  [jvm.dll+0x6d0b0d]
C  [ucrtbase.dll+0x37b0]
C  [KERNEL32.DLL+0x2e8d7]
C  [ntdll.dll+0x8c53c]


---------------  P R O C E S S  ---------------

Threads class SMR info:
_java_thread_list=0x000002888811d480, length=16, elements={
0x00000288298a9d50, 0x000002882985b1e0, 0x000002882985bff0, 0x00000288299512a0,
0x0000028882705510, 0x0000028829954660, 0x000002882995a6d0, 0x000002882996baf0,
0x000002888270a020, 0x00000288828123c0, 0x0000028882813770, 0x0000028882813e00,
0x0000028882814490, 0x0000028882814b20, 0x0000028882811d30, 0x00000288889f7710
}

Java Threads: ( => current thread )
  0x00000288298a9d50 JavaThread "main"                              [_thread_blocked, id=18044, stack(0x000000f89dd00000,0x000000f89de00000) (1024K)]
  0x000002882985b1e0 JavaThread "Reference Handler"          daemon [_thread_blocked, id=26380, stack(0x000000f89e100000,0x000000f89e200000) (1024K)]
  0x000002882985bff0 JavaThread "Finalizer"                  daemon [_thread_blocked, id=6160, stack(0x000000f89e200000,0x000000f89e300000) (1024K)]
  0x00000288299512a0 JavaThread "Signal Dispatcher"          daemon [_thread_blocked, id=26560, stack(0x000000f89e300000,0x000000f89e400000) (1024K)]
  0x0000028882705510 JavaThread "Attach Listener"            daemon [_thread_blocked, id=11608, stack(0x000000f89e400000,0x000000f89e500000) (1024K)]
  0x0000028829954660 JavaThread "Service Thread"             daemon [_thread_blocked, id=17740, stack(0x000000f89e500000,0x000000f89e600000) (1024K)]
  0x000002882995a6d0 JavaThread "Monitor Deflation Thread"   daemon [_thread_blocked, id=7240, stack(0x000000f89e600000,0x000000f89e700000) (1024K)]
=>0x000002882996baf0 JavaThread "C2 CompilerThread0"         daemon [_thread_in_native, id=12856, stack(0x000000f89e700000,0x000000f89e800000) (1024K)]
  0x000002888270a020 JavaThread "C1 CompilerThread0"         daemon [_thread_blocked, id=2740, stack(0x000000f89e800000,0x000000f89e900000) (1024K)]
  0x00000288828123c0 JavaThread "Common-Cleaner"             daemon [_thread_blocked, id=24648, stack(0x000000f89ec00000,0x000000f89ed00000) (1024K)]
  0x0000028882813770 JavaThread "Notification Thread"        daemon [_thread_blocked, id=15696, stack(0x000000f89ee00000,0x000000f89ef00000) (1024K)]
  0x0000028882813e00 JavaThread "Active Thread: Equinox Container: c40c6084-3478-4591-9f48-ee1aa53b89d9"        [_thread_blocked, id=25552, stack(0x000000f89f800000,0x000000f89f900000) (1024K)]
  0x0000028882814490 JavaThread "Refresh Thread: Equinox Container: c40c6084-3478-4591-9f48-ee1aa53b89d9" daemon [_thread_blocked, id=9444, stack(0x000000f89e900000,0x000000f89ea00000) (1024K)]
  0x0000028882814b20 JavaThread "Framework Event Dispatcher: Equinox Container: c40c6084-3478-4591-9f48-ee1aa53b89d9" daemon [_thread_blocked, id=4272, stack(0x000000f89ea00000,0x000000f89eb00000) (1024K)]
  0x0000028882811d30 JavaThread "Start Level: Equinox Container: c40c6084-3478-4591-9f48-ee1aa53b89d9" daemon [_thread_in_native, id=11284, stack(0x000000f89eb00000,0x000000f89ec00000) (1024K)]
  0x00000288889f7710 JavaThread "C1 CompilerThread1"         daemon [_thread_blocked, id=25404, stack(0x000000f89ed00000,0x000000f89ee00000) (1024K)]
Total: 16

Other Threads:
  0x000002882994fbf0 VMThread "VM Thread"                           [id=15100, stack(0x000000f89e000000,0x000000f89e100000) (1024K)]
  0x000002882973ca00 WatcherThread "VM Periodic Task Thread"        [id=25852, stack(0x000000f89df00000,0x000000f89e000000) (1024K)]
  0x00000288298c8fd0 WorkerThread "GC Thread#0"                     [id=21472, stack(0x000000f89de00000,0x000000f89df00000) (1024K)]
  0x0000028888594540 WorkerThread "GC Thread#1"                     [id=11592, stack(0x000000f89f100000,0x000000f89f200000) (1024K)]
  0x0000028888593730 WorkerThread "GC Thread#2"                     [id=18320, stack(0x000000f89f200000,0x000000f89f300000) (1024K)]
  0x0000028888593ad0 WorkerThread "GC Thread#3"                     [id=13888, stack(0x000000f89f300000,0x000000f89f400000) (1024K)]
  0x00000288885948e0 WorkerThread "GC Thread#4"                     [id=13656, stack(0x000000f89f400000,0x000000f89f500000) (1024K)]
  0x0000028888594c80 WorkerThread "GC Thread#5"                     [id=18700, stack(0x000000f89f500000,0x000000f89f600000) (1024K)]
  0x0000028888595020 WorkerThread "GC Thread#6"                     [id=16692, stack(0x000000f89f600000,0x000000f89f700000) (1024K)]
  0x000002888854ab40 WorkerThread "GC Thread#7"                     [id=5540, stack(0x000000f89f900000,0x000000f89fa00000) (1024K)]
  0x000002888854b280 WorkerThread "GC Thread#8"                     [id=11740, stack(0x000000f89ef00000,0x000000f89f000000) (1024K)]
  0x000002888854c100 WorkerThread "GC Thread#9"                     [id=4108, stack(0x000000f89f000000,0x000000f89f100000) (1024K)]
  0x000002888854b620 WorkerThread "GC Thread#10"                    [id=26388, stack(0x000000f89f700000,0x000000f89f800000) (1024K)]
Total: 13

Threads with active compile tasks:
C2 CompilerThread0  23283 2183 %     4       org.eclipse.osgi.util.ManifestElement::readLine @ 0 (122 bytes)
Total: 1

VM state: not at safepoint (normal execution)

VM Mutex/Monitor currently owned by a thread: None

Heap address: 0x0000000080000000, size: 2048 MB, Compressed Oops mode: 32-bit

CDS archive(s) mapped at: [0x0000028841000000-0x0000028841ba0000-0x0000028841ba0000), size 12189696, SharedBaseAddress: 0x0000028841000000, ArchiveRelocationMode: 1.
Compressed class space mapped at: 0x0000028842000000-0x0000028882000000, reserved size: 1073741824
Narrow klass base: 0x0000028841000000, Narrow klass shift: 0, Narrow klass range: 0x100000000

GC Precious Log:
 CardTable entry size: 512
 CPUs: 16 total, 16 available
 Memory: 16091M
 Large Page Support: Disabled
 NUMA Support: Disabled
 Compressed Oops: Enabled (32-bit)
 Alignments: Space 512K, Generation 512K, Heap 2M
 Heap Min Capacity: 100M
 Heap Initial Capacity: 100M
 Heap Max Capacity: 2G
 Pre-touch: Disabled
 Parallel Workers: 13

Heap:
 PSYoungGen      total 29696K, used 4698K [0x00000000d5580000, 0x00000000d7680000, 0x0000000100000000)
  eden space 25600K, 2% used [0x00000000d5580000,0x00000000d561be58,0x00000000d6e80000)
  from space 4096K, 99% used [0x00000000d6e80000,0x00000000d727ac60,0x00000000d7280000)
  to   space 4096K, 0% used [0x00000000d7280000,0x00000000d7280000,0x00000000d7680000)
 ParOldGen       total 68608K, used 4035K [0x0000000080000000, 0x0000000084300000, 0x00000000d5580000)
  object space 68608K, 5% used [0x0000000080000000,0x00000000803f0eb0,0x0000000084300000)
 Metaspace       used 9435K, committed 9728K, reserved 1114112K
  class space    used 1008K, committed 1152K, reserved 1048576K

Card table byte_map: [0x0000028829250000,0x0000028829660000] _byte_map_base: 0x0000028828e50000

Marking Bits: (ParMarkBitMap*) 0x00007ff9a96ea340
 Begin Bits: [0x000002883bd50000, 0x000002883dd50000)
 End Bits:   [0x000002883dd50000, 0x000002883fd50000)

Polling page: 0x00000288276b0000

Metaspace:

Usage:
  Non-class:      8.23 MB used.
      Class:   1008.70 KB used.
       Both:      9.21 MB used.

Virtual space:
  Non-class space:       64.00 MB reserved,       8.38 MB ( 13%) committed,  1 nodes.
      Class space:        1.00 GB reserved,       1.12 MB ( <1%) committed,  1 nodes.
             Both:        1.06 GB reserved,       9.50 MB ( <1%) committed. 

Chunk freelists:
   Non-Class:  6.70 MB
       Class:  14.78 MB
        Both:  21.49 MB

MaxMetaspaceSize: unlimited
CompressedClassSpaceSize: 1.00 GB
Initial GC threshold: 21.00 MB
Current GC threshold: 21.00 MB
CDS: on
 - commit_granule_bytes: 65536.
 - commit_granule_words: 8192.
 - virtual_space_node_default_size: 8388608.
 - enlarge_chunks_in_place: 1.
 - use_allocation_guard: 0.


Internal statistics:

num_allocs_failed_limit: 0.
num_arena_births: 258.
num_arena_deaths: 0.
num_vsnodes_births: 2.
num_vsnodes_deaths: 0.
num_space_committed: 152.
num_space_uncommitted: 0.
num_chunks_returned_to_freelist: 0.
num_chunks_taken_from_freelist: 516.
num_chunk_merges: 0.
num_chunk_splits: 325.
num_chunks_enlarged: 210.
num_inconsistent_stats: 0.

CodeHeap 'non-profiled nmethods': size=119168Kb used=957Kb max_used=957Kb free=118210Kb
 bounds [0x0000028834640000, 0x00000288348b0000, 0x000002883baa0000]
CodeHeap 'profiled nmethods': size=119104Kb used=4145Kb max_used=4145Kb free=114958Kb
 bounds [0x000002882caa0000, 0x000002882ceb0000, 0x0000028833ef0000]
CodeHeap 'non-nmethods': size=7488Kb used=1794Kb max_used=2934Kb free=5694Kb
 bounds [0x0000028833ef0000, 0x00000288341e0000, 0x0000028834640000]
CodeCache: size=245760Kb, used=6896Kb, max_used=8036Kb, free=238862Kb
 total_blobs=2727, nmethods=2233, adapters=399, full_count=0
Compilation: enabled, stopped_count=0, restarted_count=0

Compilation events (20 events):
Event: 21.246 Thread 0x00000288889f7710 2209       3       java.nio.Buffer::hasRemaining (17 bytes)
Event: 21.246 Thread 0x000002888270a020 2210       3       java.util.concurrent.ConcurrentHashMap$BaseIterator::<init> (21 bytes)
Event: 21.246 Thread 0x00000288889f7710 nmethod 2209 0x000002882cea1d10 code [0x000002882cea1ea0, 0x000002882cea2008]
Event: 21.246 Thread 0x00000288889f7710 2211       3       java.util.concurrent.ConcurrentHashMap$Traverser::<init> (36 bytes)
Event: 21.246 Thread 0x000002888270a020 nmethod 2210 0x000002882cea2090 code [0x000002882cea2240, 0x000002882cea23e0]
Event: 21.246 Thread 0x00000288889f7710 nmethod 2211 0x000002882cea2490 code [0x000002882cea2640, 0x000002882cea27e8]
Event: 21.247 Thread 0x000002888270a020 2212       3       org.eclipse.osgi.container.ModuleRevision::getWiring (12 bytes)
Event: 21.247 Thread 0x00000288889f7710 2213       3       org.eclipse.osgi.container.ModuleContainer::getWiring (9 bytes)
Event: 21.247 Thread 0x000002888270a020 nmethod 2212 0x000002882cea2890 code [0x000002882cea2b00, 0x000002882cea3590]
Event: 21.247 Thread 0x000002888270a020 2214       3       org.eclipse.osgi.internal.framework.EquinoxBundle::getBundleId (11 bytes)
Event: 21.247 Thread 0x00000288889f7710 nmethod 2213 0x000002882cea3b10 code [0x000002882cea3d80, 0x000002882cea4760]
Event: 21.247 Thread 0x000002888270a020 nmethod 2214 0x000002882cea4c10 code [0x000002882cea4dc0, 0x000002882cea4f10]
Event: 21.250 Thread 0x000002888270a020 2215       3       java.util.ArrayList$SubList::size (9 bytes)
Event: 21.250 Thread 0x000002888270a020 nmethod 2215 0x000002882cea5010 code [0x000002882cea51e0, 0x000002882cea5468]
Event: 21.250 Thread 0x00000288889f7710 2216       3       java.util.Collection::stream (11 bytes)
Event: 21.250 Thread 0x00000288889f7710 nmethod 2216 0x000002882cea5590 code [0x000002882cea5740, 0x000002882cea5940]
Event: 23.084 Thread 0x00000288889f7710 2218       3       jdk.internal.misc.Unsafe::putReferenceOpaque (9 bytes)
Event: 23.085 Thread 0x00000288889f7710 nmethod 2218 0x000002882cea5a10 code [0x000002882cea5ba0, 0x000002882cea5cd0]
Event: 23.147 Thread 0x000002888270a020 2220       3       java.util.concurrent.locks.LockSupport::setBlocker (12 bytes)
Event: 23.148 Thread 0x000002888270a020 nmethod 2220 0x000002882cea5d90 code [0x000002882cea5f40, 0x000002882cea6148]

GC Heap History (4 events):
Event: 0.623 GC heap before
{Heap before GC invocations=1 (full 0):
 PSYoungGen      total 29696K, used 25600K [0x00000000d5580000, 0x00000000d7680000, 0x0000000100000000)
  eden space 25600K, 100% used [0x00000000d5580000,0x00000000d6e80000,0x00000000d6e80000)
  from space 4096K, 0% used [0x00000000d7280000,0x00000000d7280000,0x00000000d7680000)
  to   space 4096K, 0% used [0x00000000d6e80000,0x00000000d6e80000,0x00000000d7280000)
 ParOldGen       total 68608K, used 0K [0x0000000080000000, 0x0000000084300000, 0x00000000d5580000)
  object space 68608K, 0% used [0x0000000080000000,0x0000000080000000,0x0000000084300000)
 Metaspace       used 4127K, committed 4416K, reserved 1114112K
  class space    used 453K, committed 576K, reserved 1048576K
}
Event: 0.627 GC heap after
{Heap after GC invocations=1 (full 0):
 PSYoungGen      total 29696K, used 3707K [0x00000000d5580000, 0x00000000d7680000, 0x0000000100000000)
  eden space 25600K, 0% used [0x00000000d5580000,0x00000000d5580000,0x00000000d6e80000)
  from space 4096K, 90% used [0x00000000d6e80000,0x00000000d721efd8,0x00000000d7280000)
  to   space 4096K, 0% used [0x00000000d7280000,0x00000000d7280000,0x00000000d7680000)
 ParOldGen       total 68608K, used 16K [0x0000000080000000, 0x0000000084300000, 0x00000000d5580000)
  object space 68608K, 0% used [0x0000000080000000,0x0000000080004000,0x0000000084300000)
 Metaspace       used 4127K, committed 4416K, reserved 1114112K
  class space    used 453K, committed 576K, reserved 1048576K
}
Event: 1.056 GC heap before
{Heap before GC invocations=2 (full 0):
 PSYoungGen      total 29696K, used 29307K [0x00000000d5580000, 0x00000000d7680000, 0x0000000100000000)
  eden space 25600K, 100% used [0x00000000d5580000,0x00000000d6e80000,0x00000000d6e80000)
  from space 4096K, 90% used [0x00000000d6e80000,0x00000000d721efd8,0x00000000d7280000)
  to   space 4096K, 0% used [0x00000000d7280000,0x00000000d7280000,0x00000000d7680000)
 ParOldGen       total 68608K, used 16K [0x0000000080000000, 0x0000000084300000, 0x00000000d5580000)
  object space 68608K, 0% used [0x0000000080000000,0x0000000080004000,0x0000000084300000)
 Metaspace       used 7807K, committed 8128K, reserved 1114112K
  class space    used 811K, committed 960K, reserved 1048576K
}
Event: 1.059 GC heap after
{Heap after GC invocations=2 (full 0):
 PSYoungGen      total 29696K, used 4091K [0x00000000d5580000, 0x00000000d7680000, 0x0000000100000000)
  eden space 25600K, 0% used [0x00000000d5580000,0x00000000d5580000,0x00000000d6e80000)
  from space 4096K, 99% used [0x00000000d7280000,0x00000000d767ee60,0x00000000d7680000)
  to   space 4096K, 0% used [0x00000000d6e80000,0x00000000d6e80000,0x00000000d7280000)
 ParOldGen       total 68608K, used 1641K [0x0000000080000000, 0x0000000084300000, 0x00000000d5580000)
  object space 68608K, 2% used [0x0000000080000000,0x000000008019a6a8,0x0000000084300000)
 Metaspace       used 7807K, committed 8128K, reserved 1114112K
  class space    used 811K, committed 960K, reserved 1048576K
}

Dll operation events (9 events):
Event: 0.045 Loaded shared library c:\Users\rajes\.vscode\extensions\redhat.java-1.47.0-win32-x64\jre\21.0.8-win32-x86_64\bin\java.dll
Event: 0.095 Loaded shared library c:\Users\rajes\.vscode\extensions\redhat.java-1.47.0-win32-x64\jre\21.0.8-win32-x86_64\bin\zip.dll
Event: 0.107 Loaded shared library C:\Users\rajes\.vscode\extensions\redhat.java-1.47.0-win32-x64\jre\21.0.8-win32-x86_64\bin\instrument.dll
Event: 0.109 Loaded shared library C:\Users\rajes\.vscode\extensions\redhat.java-1.47.0-win32-x64\jre\21.0.8-win32-x86_64\bin\net.dll
Event: 0.110 Loaded shared library C:\Users\rajes\.vscode\extensions\redhat.java-1.47.0-win32-x64\jre\21.0.8-win32-x86_64\bin\nio.dll
Event: 0.112 Loaded shared library C:\Users\rajes\.vscode\extensions\redhat.java-1.47.0-win32-x64\jre\21.0.8-win32-x86_64\bin\zip.dll
Event: 0.126 Loaded shared library C:\Users\rajes\.vscode\extensions\redhat.java-1.47.0-win32-x64\jre\21.0.8-win32-x86_64\bin\jimage.dll
Event: 0.189 Loaded shared library c:\Users\rajes\.vscode\extensions\redhat.java-1.47.0-win32-x64\jre\21.0.8-win32-x86_64\bin\verify.dll
Event: 15.313 Loaded shared library C:\Users\rajes\AppData\Roaming\Code\User\globalStorage\redhat.java\1.47.0\config_win\org.eclipse.equinox.launcher\org.eclipse.equinox.launcher.win32.win32.x86_64_1.2.1400.v20250801-0854\eclipse_11916.dll

Deoptimization events (20 events):
Event: 21.231 Thread 0x0000028882811d30 Uncommon trap: trap_request=0xffffff45 fr.pc=0x0000028834715ce4 relative=0x00000000000006a4
Event: 21.231 Thread 0x0000028882811d30 Uncommon trap: reason=unstable_if action=reinterpret pc=0x0000028834715ce4 method=java.util.regex.Matcher.search(I)Z @ 30 c2
Event: 21.231 Thread 0x0000028882811d30 DEOPT PACKING pc=0x0000028834715ce4 sp=0x000000f89ebfdf10
Event: 21.231 Thread 0x0000028882811d30 DEOPT UNPACKING pc=0x0000028833f43aa2 sp=0x000000f89ebfdee0 mode 2
Event: 21.231 Thread 0x0000028882811d30 Uncommon trap: trap_request=0xffffffde fr.pc=0x0000028834716a64 relative=0x0000000000000304
Event: 21.231 Thread 0x0000028882811d30 Uncommon trap: reason=class_check action=maybe_recompile pc=0x0000028834716a64 method=java.util.regex.Pattern$BmpCharPropertyGreedy.match(Ljava/util/regex/Matcher;ILjava/lang/CharSequence;)Z @ 26 c2
Event: 21.231 Thread 0x0000028882811d30 DEOPT PACKING pc=0x0000028834716a64 sp=0x000000f89ebfdbe0
Event: 21.231 Thread 0x0000028882811d30 DEOPT UNPACKING pc=0x0000028833f43aa2 sp=0x000000f89ebfdb98 mode 2
Event: 21.231 Thread 0x0000028882811d30 Uncommon trap: trap_request=0xffffffde fr.pc=0x0000028834716a64 relative=0x0000000000000304
Event: 21.231 Thread 0x0000028882811d30 Uncommon trap: reason=class_check action=maybe_recompile pc=0x0000028834716a64 method=java.util.regex.Pattern$BmpCharPropertyGreedy.match(Ljava/util/regex/Matcher;ILjava/lang/CharSequence;)Z @ 26 c2
Event: 21.231 Thread 0x0000028882811d30 DEOPT PACKING pc=0x0000028834716a64 sp=0x000000f89ebfdae0
Event: 21.231 Thread 0x0000028882811d30 DEOPT UNPACKING pc=0x0000028833f43aa2 sp=0x000000f89ebfda78 mode 2
Event: 21.231 Thread 0x0000028882811d30 Uncommon trap: trap_request=0xffffffde fr.pc=0x0000028834716a64 relative=0x0000000000000304
Event: 21.231 Thread 0x0000028882811d30 Uncommon trap: reason=class_check action=maybe_recompile pc=0x0000028834716a64 method=java.util.regex.Pattern$BmpCharPropertyGreedy.match(Ljava/util/regex/Matcher;ILjava/lang/CharSequence;)Z @ 26 c2
Event: 21.231 Thread 0x0000028882811d30 DEOPT PACKING pc=0x0000028834716a64 sp=0x000000f89ebfdbe0
Event: 21.231 Thread 0x0000028882811d30 DEOPT UNPACKING pc=0x0000028833f43aa2 sp=0x000000f89ebfdb98 mode 2
Event: 21.231 Thread 0x0000028882811d30 Uncommon trap: trap_request=0xffffffde fr.pc=0x0000028834716a64 relative=0x0000000000000304
Event: 21.231 Thread 0x0000028882811d30 Uncommon trap: reason=class_check action=maybe_recompile pc=0x0000028834716a64 method=java.util.regex.Pattern$BmpCharPropertyGreedy.match(Ljava/util/regex/Matcher;ILjava/lang/CharSequence;)Z @ 26 c2
Event: 21.231 Thread 0x0000028882811d30 DEOPT PACKING pc=0x0000028834716a64 sp=0x000000f89ebfdae0
Event: 21.231 Thread 0x0000028882811d30 DEOPT UNPACKING pc=0x0000028833f43aa2 sp=0x000000f89ebfda78 mode 2

Classes loaded (20 events):
Event: 15.402 Loading class sun/util/logging/resources/logging_en_IN
Event: 15.402 Loading class sun/util/logging/resources/logging_en_IN done
Event: 15.403 Loading class java/util/Formatter$DateTime
Event: 15.403 Loading class java/util/Formatter$DateTime done
Event: 15.403 Loading class java/util/Formatter$FixedString
Event: 15.403 Loading class java/util/Formatter$FixedString done
Event: 15.403 Loading class java/time/ZonedDateTime$1
Event: 15.403 Loading class java/time/ZonedDateTime$1 done
Event: 15.405 Loading class jdk/internal/module/ModulePatcher$PatchedModuleReader
Event: 15.405 Loading class jdk/internal/module/ModulePatcher$PatchedModuleReader done
Event: 15.407 Loading class sun/util/resources/LocaleData$CommonResourceBundleProvider
Event: 15.408 Loading class sun/util/resources/LocaleData$LocaleDataResourceBundleProvider
Event: 15.408 Loading class java/util/spi/ResourceBundleProvider
Event: 15.408 Loading class java/util/spi/ResourceBundleProvider done
Event: 15.408 Loading class sun/util/resources/LocaleData$LocaleDataResourceBundleProvider done
Event: 15.408 Loading class sun/util/resources/LocaleData$CommonResourceBundleProvider done
Event: 15.408 Loading class sun/text/resources/cldr/FormatData_en
Event: 15.409 Loading class sun/text/resources/cldr/FormatData_en done
Event: 15.410 Loading class sun/util/resources/Bundles$2
Event: 15.411 Loading class sun/util/resources/Bundles$2 done

Classes unloaded (0 events):
No events

Classes redefined (0 events):
No events

Internal exceptions (20 events):
Event: 0.686 Thread 0x00000288298a9d50 Implicit null exception at 0x000002883469f349 to 0x000002883469fcac
Event: 0.686 Thread 0x00000288298a9d50 Implicit null exception at 0x00000288346a581a to 0x00000288346a5a24
Event: 0.686 Thread 0x00000288298a9d50 Exception <a 'java/lang/NoSuchMethodError'{0x00000000d59608e8}: 'void java.lang.invoke.DirectMethodHandle$Holder.invokeStatic(java.lang.Object, java.lang.Object, java.lang.Object, java.lang.Object)'> (0x00000000d59608e8) 
thrown [s\src\hotspot\share\interpreter\linkResolver.cpp, line 773]
Event: 0.687 Thread 0x00000288298a9d50 Implicit null exception at 0x000002883469c2bc to 0x000002883469c548
Event: 0.687 Thread 0x00000288298a9d50 Implicit null exception at 0x000002883469cd3d to 0x000002883469cdc1
Event: 0.759 Thread 0x00000288298a9d50 Exception <a 'java/lang/NoSuchMethodError'{0x00000000d5c39020}: 'void java.lang.invoke.DirectMethodHandle$Holder.invokeSpecial(java.lang.Object, java.lang.Object, java.lang.Object)'> (0x00000000d5c39020) 
thrown [s\src\hotspot\share\interpreter\linkResolver.cpp, line 773]
Event: 0.916 Thread 0x00000288298a9d50 Exception <a 'java/lang/NoSuchMethodError'{0x00000000d662b2b0}: 'int java.lang.invoke.DirectMethodHandle$Holder.invokeVirtual(java.lang.Object, java.lang.Object)'> (0x00000000d662b2b0) 
thrown [s\src\hotspot\share\interpreter\linkResolver.cpp, line 773]
Event: 0.955 Thread 0x00000288298a9d50 Exception <a 'java/lang/NoSuchMethodError'{0x00000000d67a16e8}: 'int java.lang.invoke.DirectMethodHandle$Holder.invokeStaticInit(java.lang.Object, java.lang.Object, java.lang.Object, java.lang.Object)'> (0x00000000d67a16e8) 
thrown [s\src\hotspot\share\interpreter\linkResolver.cpp, line 773]
Event: 0.956 Thread 0x00000288298a9d50 Exception <a 'java/lang/IncompatibleClassChangeError'{0x00000000d67a9b70}: Found class java.lang.Object, but interface was expected> (0x00000000d67a9b70) 
thrown [s\src\hotspot\share\interpreter\linkResolver.cpp, line 840]
Event: 0.957 Thread 0x00000288298a9d50 Exception <a 'java/lang/NoSuchMethodError'{0x00000000d67b0160}: 'void java.lang.invoke.DirectMethodHandle$Holder.invokeStaticInit(java.lang.Object, java.lang.Object)'> (0x00000000d67b0160) 
thrown [s\src\hotspot\share\interpreter\linkResolver.cpp, line 773]
Event: 0.957 Thread 0x00000288298a9d50 Exception <a 'java/lang/NoSuchMethodError'{0x00000000d67b9398}: 'int java.lang.invoke.DirectMethodHandle$Holder.invokeStaticInit(java.lang.Object, java.lang.Object)'> (0x00000000d67b9398) 
thrown [s\src\hotspot\share\interpreter\linkResolver.cpp, line 773]
Event: 0.984 Thread 0x00000288298a9d50 Exception <a 'java/lang/NoSuchMethodError'{0x00000000d6a0bb58}: 'java.lang.Object java.lang.invoke.DirectMethodHandle$Holder.newInvokeSpecial(java.lang.Object, int, java.lang.Object)'> (0x00000000d6a0bb58) 
thrown [s\src\hotspot\share\interpreter\linkResolver.cpp, line 773]
Event: 1.015 Thread 0x00000288298a9d50 Exception <a 'java/lang/ClassNotFoundException'{0x00000000d6c267b0}: sun/net/www/protocol/plurl/Handler> (0x00000000d6c267b0) 
thrown [s\src\hotspot\share\classfile\systemDictionary.cpp, line 312]
Event: 1.015 Thread 0x00000288298a9d50 Exception <a 'java/lang/ClassNotFoundException'{0x00000000d6c27630}: sun/net/www/protocol/plurl/Handler> (0x00000000d6c27630) 
thrown [s\src\hotspot\share\classfile\systemDictionary.cpp, line 312]
Event: 15.274 Thread 0x00000288298a9d50 Exception <a 'java/lang/UnsatisfiedLinkError'{0x00000000d57fda58}: 'void org.eclipse.equinox.launcher.JNIBridge._update_splash()'> (0x00000000d57fda58) 
thrown [s\src\hotspot\share\prims\nativeLookup.cpp, line 415]
Event: 15.292 Thread 0x0000028882814490 Exception <a 'java/lang/NoSuchMethodError'{0x00000000d5a9fb68}: 'void java.lang.invoke.DirectMethodHandle$Holder.invokeInterface(java.lang.Object, java.lang.Object, java.lang.Object)'> (0x00000000d5a9fb68) 
thrown [s\src\hotspot\share\interpreter\linkResolver.cpp, line 773]
Event: 15.365 Thread 0x0000028882811d30 Exception <a 'java/lang/NoSuchMethodError'{0x00000000d5e5e878}: 'java.lang.Object java.lang.invoke.DirectMethodHandle$Holder.newInvokeSpecial(java.lang.Object, java.lang.Object, int, java.lang.Object)'> (0x00000000d5e5e878) 
thrown [s\src\hotspot\share\interpreter\linkResolver.cpp, line 773]
Event: 15.365 Thread 0x0000028882811d30 Exception <a 'java/lang/NoSuchMethodError'{0x00000000d5e626e8}: 'java.lang.Object java.lang.invoke.DirectMethodHandle$Holder.invokeSpecial(java.lang.Object, java.lang.Object, java.lang.Object, int, java.lang.Object)'> (0x00000000d5e626e8) 
thrown [s\src\hotspot\share\interpreter\linkResolver.cpp, line 773]
Event: 15.374 Thread 0x0000028882811d30 Exception <a 'java/lang/NoClassDefFoundError'{0x00000000d5f0a458}: jakarta/servlet/ServletContainerInitializer> (0x00000000d5f0a458) 
thrown [s\src\hotspot\share\classfile\systemDictionary.cpp, line 301]
Event: 15.401 Thread 0x0000028882811d30 Exception <a 'java/lang/ClassNotFoundException'{0x00000000d605f488}: sun/util/logging/resources/spi/loggingProvider> (0x00000000d605f488) 
thrown [s\src\hotspot\share\classfile\systemDictionary.cpp, line 312]

ZGC Phase Switch (0 events):
No events

VM Operations (20 events):
Event: 2.073 Executing VM operation: Cleanup
Event: 2.074 Executing VM operation: Cleanup done
Event: 15.393 Executing VM operation: HandshakeAllThreads (Deoptimize)
Event: 15.393 Executing VM operation: HandshakeAllThreads (Deoptimize) done
Event: 15.393 Executing VM operation: Cleanup
Event: 15.393 Executing VM operation: Cleanup done
Event: 15.405 Executing VM operation: HandshakeAllThreads (Deoptimize)
Event: 15.405 Executing VM operation: HandshakeAllThreads (Deoptimize) done
Event: 15.414 Executing VM operation: HandshakeAllThreads (Deoptimize)
Event: 15.414 Executing VM operation: HandshakeAllThreads (Deoptimize) done
Event: 15.423 Executing VM operation: HandshakeAllThreads (Deoptimize)
Event: 15.423 Executing VM operation: HandshakeAllThreads (Deoptimize) done
Event: 16.424 Executing VM operation: Cleanup
Event: 16.472 Executing VM operation: Cleanup done
Event: 21.224 Executing VM operation: HandshakeAllThreads (Deoptimize)
Event: 21.224 Executing VM operation: HandshakeAllThreads (Deoptimize) done
Event: 21.224 Executing VM operation: Cleanup
Event: 21.224 Executing VM operation: Cleanup done
Event: 22.228 Executing VM operation: Cleanup
Event: 22.229 Executing VM operation: Cleanup done

Memory protections (0 events):
No events

Nmethod flushes (0 events):
No events

Events (20 events):
Event: 1.287 Thread 0x00000288886cb540 Thread exited: 0x00000288886cb540
Event: 1.591 Thread 0x0000028888036530 Thread exited: 0x0000028888036530
Event: 1.592 Thread 0x00000288828ade80 Thread exited: 0x00000288828ade80
Event: 1.814 Thread 0x00000288827beb80 Thread exited: 0x00000288827beb80
Event: 4.578 Thread 0x00000288827b7dd0 Thread exited: 0x00000288827b7dd0
Event: 4.896 Thread 0x00000288827b7730 Thread exited: 0x00000288827b7730
Event: 15.272 Thread 0x00000288298a9d50 Thread added: 0x0000028882814490
Event: 15.293 Thread 0x0000028882814490 Thread added: 0x0000028882814b20
Event: 15.314 Thread 0x00000288298a9d50 Thread added: 0x0000028882811d30
Event: 15.424 Thread 0x000002888270a020 Thread added: 0x00000288889f7710
Event: 15.426 Thread 0x00000288889f7710 Thread added: 0x0000028888704810
Event: 15.426 Thread 0x00000288889f7710 Thread added: 0x00000288829049a0
Event: 15.427 Thread 0x000002882996baf0 Thread added: 0x0000028888c1af80
Event: 16.749 Thread 0x0000028888c1af80 Thread exited: 0x0000028888c1af80
Event: 16.749 Thread 0x00000288829049a0 Thread exited: 0x00000288829049a0
Event: 17.222 Thread 0x0000028888704810 Thread exited: 0x0000028888704810
Event: 18.249 Thread 0x00000288889f7710 Thread exited: 0x00000288889f7710
Event: 21.232 Thread 0x000002888270a020 Thread added: 0x00000288889f7710
Event: 21.235 Thread 0x00000288889f7710 Thread added: 0x0000028888704810
Event: 23.084 Thread 0x0000028888704810 Thread exited: 0x0000028888704810


Dynamic libraries:
0x00007ff764070000 - 0x00007ff76407e000 	c:\Users\rajes\.vscode\extensions\redhat.java-1.47.0-win32-x64\jre\21.0.8-win32-x86_64\bin\java.exe
0x00007ffa58d60000 - 0x00007ffa58fc8000 	C:\Windows\SYSTEM32\ntdll.dll
0x00007ffa57850000 - 0x00007ffa57919000 	C:\Windows\System32\KERNEL32.DLL
0x00007ffa56150000 - 0x00007ffa56542000 	C:\Windows\System32\KERNELBASE.dll
0x00007ffa56550000 - 0x00007ffa5669b000 	C:\Windows\System32\ucrtbase.dll
0x00007ffa28df0000 - 0x00007ffa28e0e000 	c:\Users\rajes\.vscode\extensions\redhat.java-1.47.0-win32-x64\jre\21.0.8-win32-x86_64\bin\VCRUNTIME140.dll
0x00007ffa244b0000 - 0x00007ffa244c8000 	c:\Users\rajes\.vscode\extensions\redhat.java-1.47.0-win32-x64\jre\21.0.8-win32-x86_64\bin\jli.dll
0x00007ffa57ca0000 - 0x00007ffa57e65000 	C:\Windows\System32\USER32.dll
0x00007ffa39460000 - 0x00007ffa396f3000 	C:\Windows\WinSxS\amd64_microsoft.windows.common-controls_6595b64144ccf1df_6.0.26100.6899_none_3e0efeeae32e88c1\COMCTL32.dll
0x00007ffa55fa0000 - 0x00007ffa55fc7000 	C:\Windows\System32\win32u.dll
0x00007ffa56da0000 - 0x00007ffa56e49000 	C:\Windows\System32\msvcrt.dll
0x00007ffa56d50000 - 0x00007ffa56d7b000 	C:\Windows\System32\GDI32.dll
0x00007ffa566a0000 - 0x00007ffa567cd000 	C:\Windows\System32\gdi32full.dll
0x00007ffa55ef0000 - 0x00007ffa55f93000 	C:\Windows\System32\msvcp_win.dll
0x00007ffa57050000 - 0x00007ffa5707f000 	C:\Windows\System32\IMM32.DLL
0x00007ffa4a5a0000 - 0x00007ffa4a5ac000 	c:\Users\rajes\.vscode\extensions\redhat.java-1.47.0-win32-x64\jre\21.0.8-win32-x86_64\bin\vcruntime140_1.dll
0x00007ffa13c70000 - 0x00007ffa13cfd000 	c:\Users\rajes\.vscode\extensions\redhat.java-1.47.0-win32-x64\jre\21.0.8-win32-x86_64\bin\msvcp140.dll
0x00007ff9a8a30000 - 0x00007ff9a97c7000 	c:\Users\rajes\.vscode\extensions\redhat.java-1.47.0-win32-x64\jre\21.0.8-win32-x86_64\bin\server\jvm.dll
0x00007ffa56bb0000 - 0x00007ffa56c64000 	C:\Windows\System32\ADVAPI32.dll
0x00007ffa577a0000 - 0x00007ffa57846000 	C:\Windows\System32\sechost.dll
0x00007ffa57e70000 - 0x00007ffa57f88000 	C:\Windows\System32\RPCRT4.dll
0x00007ffa57970000 - 0x00007ffa579e4000 	C:\Windows\System32\WS2_32.dll
0x00007ffa4a350000 - 0x00007ffa4a35b000 	C:\Windows\SYSTEM32\VERSION.dll
0x00007ffa4d130000 - 0x00007ffa4d165000 	C:\Windows\SYSTEM32\WINMM.dll
0x00007ffa54b00000 - 0x00007ffa54b5e000 	C:\Windows\SYSTEM32\POWRPROF.dll
0x00007ffa54ae0000 - 0x00007ffa54af4000 	C:\Windows\SYSTEM32\UMPDC.dll
0x00007ffa54de0000 - 0x00007ffa54dfb000 	C:\Windows\SYSTEM32\kernel.appcore.dll
0x00007ffa489d0000 - 0x00007ffa489da000 	c:\Users\rajes\.vscode\extensions\redhat.java-1.47.0-win32-x64\jre\21.0.8-win32-x86_64\bin\jimage.dll
0x00007ffa536b0000 - 0x00007ffa538f2000 	C:\Windows\SYSTEM32\DBGHELP.DLL
0x00007ffa57120000 - 0x00007ffa5749b000 	C:\Windows\System32\combase.dll
0x00007ffa56c70000 - 0x00007ffa56d47000 	C:\Windows\System32\OLEAUT32.dll
0x00007ffa3a690000 - 0x00007ffa3a6cc000 	C:\Windows\SYSTEM32\dbgcore.DLL
0x00007ffa56a00000 - 0x00007ffa56a98000 	C:\Windows\System32\bcryptPrimitives.dll
0x00007ffa4e2c0000 - 0x00007ffa4e2cf000 	c:\Users\rajes\.vscode\extensions\redhat.java-1.47.0-win32-x64\jre\21.0.8-win32-x86_64\bin\instrument.dll
0x00007ffa23600000 - 0x00007ffa2361f000 	c:\Users\rajes\.vscode\extensions\redhat.java-1.47.0-win32-x64\jre\21.0.8-win32-x86_64\bin\java.dll
0x00007ffa58010000 - 0x00007ffa5875d000 	C:\Windows\System32\SHELL32.dll
0x00007ffa567d0000 - 0x00007ffa5693b000 	C:\Windows\System32\wintypes.dll
0x00007ffa53b50000 - 0x00007ffa543ad000 	C:\Windows\SYSTEM32\windows.storage.dll
0x00007ffa57680000 - 0x00007ffa57772000 	C:\Windows\System32\SHCORE.dll
0x00007ffa58760000 - 0x00007ffa587c2000 	C:\Windows\System32\shlwapi.dll
0x00007ffa55e10000 - 0x00007ffa55e39000 	C:\Windows\SYSTEM32\profapi.dll
0x00007ffa1f380000 - 0x00007ffa1f398000 	c:\Users\rajes\.vscode\extensions\redhat.java-1.47.0-win32-x64\jre\21.0.8-win32-x86_64\bin\zip.dll
0x00007ffa4e2b0000 - 0x00007ffa4e2c0000 	C:\Users\rajes\.vscode\extensions\redhat.java-1.47.0-win32-x64\jre\21.0.8-win32-x86_64\bin\net.dll
0x00007ffa4b0e0000 - 0x00007ffa4b1ff000 	C:\Windows\SYSTEM32\WINHTTP.dll
0x00007ffa55350000 - 0x00007ffa553bb000 	C:\Windows\system32\mswsock.dll
0x00007ffa23620000 - 0x00007ffa23636000 	C:\Users\rajes\.vscode\extensions\redhat.java-1.47.0-win32-x64\jre\21.0.8-win32-x86_64\bin\nio.dll
0x00007ffa4acc0000 - 0x00007ffa4acd0000 	c:\Users\rajes\.vscode\extensions\redhat.java-1.47.0-win32-x64\jre\21.0.8-win32-x86_64\bin\verify.dll
0x00007ffa13a30000 - 0x00007ffa13a74000 	C:\Users\rajes\AppData\Roaming\Code\User\globalStorage\redhat.java\1.47.0\config_win\org.eclipse.equinox.launcher\org.eclipse.equinox.launcher.win32.win32.x86_64_1.2.1400.v20250801-0854\eclipse_11916.dll
0x00007ffa56eb0000 - 0x00007ffa57048000 	C:\Windows\System32\ole32.dll

JVMTI agents:
c:\Users\rajes\.vscode\extensions\redhat.java-1.47.0-win32-x64\lombok\lombok-1.18.39-4050.jar path:c:\Users\rajes\.vscode\extensions\redhat.java-1.47.0-win32-x64\jre\21.0.8-win32-x86_64\bin\instrument.dll, loaded, initialized, instrumentlib options:none

dbghelp: loaded successfully - version: 4.0.5 - missing functions: none
symbol engine: initialized successfully - sym options: 0x614 - pdb path: .;c:\Users\rajes\.vscode\extensions\redhat.java-1.47.0-win32-x64\jre\21.0.8-win32-x86_64\bin;C:\Windows\SYSTEM32;C:\Windows\WinSxS\amd64_microsoft.windows.common-controls_6595b64144ccf1df_6.0.26100.6899_none_3e0efeeae32e88c1;c:\Users\rajes\.vscode\extensions\redhat.java-1.47.0-win32-x64\jre\21.0.8-win32-x86_64\bin\server;C:\Users\rajes\AppData\Roaming\Code\User\globalStorage\redhat.java\1.47.0\config_win\org.eclipse.equinox.launcher\org.eclipse.equinox.launcher.win32.win32.x86_64_1.2.1400.v20250801-0854

VM Arguments:
jvm_args: --add-modules=ALL-SYSTEM --add-opens=java.base/java.util=ALL-UNNAMED --add-opens=java.base/java.lang=ALL-UNNAMED --add-opens=java.base/sun.nio.fs=ALL-UNNAMED -Declipse.application=org.eclipse.jdt.ls.core.id1 -Dosgi.bundles.defaultStartLevel=4 -Declipse.product=org.eclipse.jdt.ls.core.product -Djava.import.generatesMetadataFilesAtProjectRoot=false -DDetectVMInstallationsJob.disabled=true -Dfile.encoding=utf8 -XX:+UseParallelGC -XX:GCTimeRatio=4 -XX:AdaptiveSizePolicyWeight=90 -Dsun.zip.disableMemoryMapping=true -Xmx2G -Xms100m -Xlog:disable -javaagent:c:\Users\rajes\.vscode\extensions\redhat.java-1.47.0-win32-x64\lombok\lombok-1.18.39-4050.jar -XX:+HeapDumpOnOutOfMemoryError -XX:HeapDumpPath=c:\Users\rajes\AppData\Roaming\Code\User\workspaceStorage\712d67d42fca472db9b71d1cdcd993e6\redhat.java -Daether.dependencyCollector.impl=bf 
java_command: c:\Users\rajes\.vscode\extensions\redhat.java-1.47.0-win32-x64\server\plugins\org.eclipse.equinox.launcher_1.7.100.v20251014-1222.jar -configuration c:\Users\rajes\AppData\Roaming\Code\User\globalStorage\redhat.java\1.47.0\config_win -data c:\Users\rajes\AppData\Roaming\Code\User\workspaceStorage\712d67d42fca472db9b71d1cdcd993e6\redhat.java\jdt_ws --pipe=\\.\pipe\lsp-ea2f6b78585417885c20ca146994e244-sock
java_class_path (initial): c:\Users\rajes\.vscode\extensions\redhat.java-1.47.0-win32-x64\server\plugins\org.eclipse.equinox.launcher_1.7.100.v20251014-1222.jar
Launcher Type: SUN_STANDARD

[Global flags]
    uintx AdaptiveSizePolicyWeight                 = 90                                        {product} {command line}
     intx CICompilerCount                          = 12                                        {product} {ergonomic}
    uintx GCTimeRatio                              = 4                                         {product} {command line}
     bool HeapDumpOnOutOfMemoryError               = true                                   {manageable} {command line}
    ccstr HeapDumpPath                             = c:\Users\rajes\AppData\Roaming\Code\User\workspaceStorage\712d67d42fca472db9b71d1cdcd993e6\redhat.java         {manageable} {command line}
   size_t InitialHeapSize                          = 104857600                                 {product} {command line}
   size_t MaxHeapSize                              = 2147483648                                {product} {command line}
   size_t MaxNewSize                               = 715653120                                 {product} {ergonomic}
   size_t MinHeapDeltaBytes                        = 524288                                    {product} {ergonomic}
   size_t MinHeapSize                              = 104857600                                 {product} {command line}
   size_t NewSize                                  = 34603008                                  {product} {ergonomic}
    uintx NonNMethodCodeHeapSize                   = 7602480                                {pd product} {ergonomic}
    uintx NonProfiledCodeHeapSize                  = 122027880                              {pd product} {ergonomic}
   size_t OldSize                                  = 70254592                                  {product} {ergonomic}
    uintx ProfiledCodeHeapSize                     = 122027880                              {pd product} {ergonomic}
    uintx ReservedCodeCacheSize                    = 251658240                              {pd product} {ergonomic}
     bool SegmentedCodeCache                       = true                                      {product} {ergonomic}
   size_t SoftMaxHeapSize                          = 2147483648                             {manageable} {ergonomic}
     bool UseCompressedOops                        = true                           {product lp64_product} {ergonomic}
     bool UseLargePagesIndividualAllocation        = false                                  {pd product} {ergonomic}
     bool UseParallelGC                            = true                                      {product} {command line}

Logging:
Log output configuration:
 #0: stdout all=off uptime,level,tags foldmultilines=false
 #1: stderr all=off uptime,level,tags foldmultilines=false

Environment Variables:
PATH=C:\Program Files\Common Files\Oracle\Java\javapath;C:\Windows\system32;C:\Windows;C:\Windows\System32\Wbem;C:\Windows\System32\WindowsPowerShell\v1.0\;C:\Windows\System32\OpenSSH\;C:\Program Files (x86)\NVIDIA Corporation\PhysX\Common;C:\Program Files\NVIDIA Corporation\NVIDIA NvDLISR;C:\Program Files\nodejs\;C:\ProgramData\chocolatey\bin;C:\Users\rajes\AppData\Local\Programs\Python\Python313\Scripts\;C:\Users\rajes\AppData\Local\Programs\Python\Python313\;C:\Users\rajes\AppData\Local\Microsoft\WindowsApps;C:\Users\rajes\AppData\Local\Programs\Microsoft VS Code\bin;C:\Users\rajes\AppData\Roaming\npm
USERNAME=bandi rajesh
OS=Windows_NT
PROCESSOR_IDENTIFIER=Intel64 Family 6 Model 183 Stepping 1, GenuineIntel
TMP=C:\Users\rajes\AppData\Local\Temp
TEMP=C:\Users\rajes\AppData\Local\Temp




Periodic native trim disabled

---------------  S Y S T E M  ---------------

OS:
 Windows 11 , 64 bit Build 26100 (10.0.26100.6725)
OS uptime: 0 days 2:18 hours
Hyper-V role detected

CPU: total 16 (initial active 16) (8 cores per cpu, 2 threads per core) family 6 model 183 stepping 1 microcode 0x12e, cx8, cmov, fxsr, ht, mmx, 3dnowpref, sse, sse2, sse3, ssse3, sse4.1, sse4.2, popcnt, lzcnt, tsc, tscinvbit, avx, avx2, aes, erms, clmul, bmi1, bmi2, adx, sha, fma, vzeroupper, clflush, clflushopt, clwb, hv, serialize, rdtscp, rdpid, fsrm, f16c, cet_ibt, cet_ss
Processor Information for processor 0
  Max Mhz: 2400, Current Mhz: 2400, Mhz Limit: 2400
Processor Information for processor 1
  Max Mhz: 2400, Current Mhz: 2400, Mhz Limit: 2400
Processor Information for processor 2
  Max Mhz: 2400, Current Mhz: 2400, Mhz Limit: 2400
Processor Information for processor 3
  Max Mhz: 2400, Current Mhz: 2400, Mhz Limit: 2400
Processor Information for processor 4
  Max Mhz: 2400, Current Mhz: 2400, Mhz Limit: 2400
Processor Information for processor 5
  Max Mhz: 2400, Current Mhz: 2400, Mhz Limit: 2400
Processor Information for processor 6
  Max Mhz: 2400, Current Mhz: 2400, Mhz Limit: 2400
Processor Information for processor 7
  Max Mhz: 2400, Current Mhz: 2400, Mhz Limit: 2400
Processor Information for processor 8
  Max Mhz: 2400, Current Mhz: 2400, Mhz Limit: 2400
Processor Information for processor 9
  Max Mhz: 2400, Current Mhz: 2400, Mhz Limit: 2400
Processor Information for processor 10
  Max Mhz: 2400, Current Mhz: 2400, Mhz Limit: 2400
Processor Information for processor 11
  Max Mhz: 2400, Current Mhz: 2400, Mhz Limit: 2400
Processor Information for processor 12
  Max Mhz: 2400, Current Mhz: 2400, Mhz Limit: 2400
Processor Information for processor 13
  Max Mhz: 2400, Current Mhz: 1466, Mhz Limit: 2400
Processor Information for processor 14
  Max Mhz: 2400, Current Mhz: 1466, Mhz Limit: 2400
Processor Information for processor 15
  Max Mhz: 2400, Current Mhz: 2400, Mhz Limit: 2400

Memory: 4k page, system-wide physical 16091M (6256M free)
TotalPageFile size 16091M (AvailPageFile size 3M)
current process WorkingSet (physical memory assigned to process): 104M, peak: 105M
current process commit charge ("private bytes"): 263M, peak: 266M

vm_info: OpenJDK 64-Bit Server VM (21.0.8+9-LTS) for windows-amd64 JRE (21.0.8+9-LTS), built on 2025-07-15T00:00:00Z by "admin" with MS VC++ 17.7 (VS2022)

END.
